2020-07-17 17:42:44,365 INFO o.a.j.u.JMeterUtils: Setting Locale to en_EN
2020-07-17 17:42:44,380 INFO o.a.j.JMeter: Loading user properties from: C:\ec2-user\qa_automation\JMETER\apache-jmeter-5.3\bin\user.properties
2020-07-17 17:42:44,381 INFO o.a.j.JMeter: Loading system properties from: C:\ec2-user\qa_automation\JMETER\apache-jmeter-5.3\bin\system.properties
2020-07-17 17:42:44,381 INFO o.a.j.JMeter: Copyright (c) 1998-2020 The Apache Software Foundation
2020-07-17 17:42:44,382 INFO o.a.j.JMeter: Version 5.3
2020-07-17 17:42:44,382 INFO o.a.j.JMeter: java.version=11.0.7
2020-07-17 17:42:44,382 INFO o.a.j.JMeter: java.vm.name=Java HotSpot(TM) 64-Bit Server VM
2020-07-17 17:42:44,382 INFO o.a.j.JMeter: os.name=Windows 10
2020-07-17 17:42:44,382 INFO o.a.j.JMeter: os.arch=amd64
2020-07-17 17:42:44,382 INFO o.a.j.JMeter: os.version=10.0
2020-07-17 17:42:44,382 INFO o.a.j.JMeter: file.encoding=Cp1252
2020-07-17 17:42:44,382 INFO o.a.j.JMeter: java.awt.headless=true
2020-07-17 17:42:44,382 INFO o.a.j.JMeter: Max memory     =1073741824
2020-07-17 17:42:44,382 INFO o.a.j.JMeter: Available Processors =12
2020-07-17 17:42:44,388 INFO o.a.j.JMeter: Default Locale=English (EN)
2020-07-17 17:42:44,388 INFO o.a.j.JMeter: JMeter  Locale=English (EN)
2020-07-17 17:42:44,388 INFO o.a.j.JMeter: JMeterHome=C:\ec2-user\qa_automation\JMETER\apache-jmeter-5.3
2020-07-17 17:42:44,388 INFO o.a.j.JMeter: user.dir  =C:\ec2-user\qa_automation\JMETER
2020-07-17 17:42:44,389 INFO o.a.j.JMeter: PWD       =C:\ec2-user\qa_automation\JMETER
2020-07-17 17:42:44,392 INFO o.a.j.JMeter: IP: 10.11.100.104 Name: P4536 FullName: P4536.BUS.Local
2020-07-17 17:42:44,396 INFO o.a.j.s.FileServer: Default base='C:\ec2-user\qa_automation\JMETER'
2020-07-17 17:42:44,397 INFO o.a.j.s.FileServer: Set new base='C:\ec2-user\qa_automation\JMETER\apache-jmeter-5.3\bin'
2020-07-17 17:42:44,495 INFO o.a.j.s.SaveService: Testplan (JMX) version: 2.2. Testlog (JTL) version: 2.2
2020-07-17 17:42:44,508 INFO o.a.j.s.SaveService: Using SaveService properties version 5.0
2020-07-17 17:42:44,510 INFO o.a.j.s.SaveService: Using SaveService properties file encoding UTF-8
2020-07-17 17:42:44,513 INFO o.a.j.s.SaveService: Loading file: C:\ec2-user\qa_automation\JMETER\apache-jmeter-5.3\bin\Rob_Integration.jmx
2020-07-17 17:42:44,544 INFO o.a.j.p.h.s.HTTPSamplerBase: Parser for text/html is org.apache.jmeter.protocol.http.parser.LagartoBasedHtmlParser
2020-07-17 17:42:44,544 INFO o.a.j.p.h.s.HTTPSamplerBase: Parser for application/xhtml+xml is org.apache.jmeter.protocol.http.parser.LagartoBasedHtmlParser
2020-07-17 17:42:44,545 INFO o.a.j.p.h.s.HTTPSamplerBase: Parser for application/xml is org.apache.jmeter.protocol.http.parser.LagartoBasedHtmlParser
2020-07-17 17:42:44,545 INFO o.a.j.p.h.s.HTTPSamplerBase: Parser for text/xml is org.apache.jmeter.protocol.http.parser.LagartoBasedHtmlParser
2020-07-17 17:42:44,545 INFO o.a.j.p.h.s.HTTPSamplerBase: Parser for text/vnd.wap.wml is org.apache.jmeter.protocol.http.parser.RegexpHTMLParser
2020-07-17 17:42:44,545 INFO o.a.j.p.h.s.HTTPSamplerBase: Parser for text/css is org.apache.jmeter.protocol.http.parser.CssParser
2020-07-17 17:42:44,580 INFO o.a.j.JMeter: Creating summariser <summary>
2020-07-17 17:42:44,585 INFO o.a.j.e.StandardJMeterEngine: Running the test!
2020-07-17 17:42:44,585 INFO o.a.j.s.SampleEvent: List of sample_variables: []
2020-07-17 17:42:44,586 INFO o.a.j.s.SampleEvent: List of sample_variables: []
2020-07-17 17:42:44,595 INFO o.a.j.e.u.CompoundVariable: Note: Function class names must contain the string: '.functions.'
2020-07-17 17:42:44,595 INFO o.a.j.e.u.CompoundVariable: Note: Function class names must not contain the string: '.gui.'
2020-07-17 17:42:44,822 INFO o.a.j.JMeter: Running test (1595032964822)
2020-07-17 17:42:44,833 INFO o.a.j.e.StandardJMeterEngine: Starting ThreadGroup: 1 : Thread Group - Rob Integration
2020-07-17 17:42:44,833 INFO o.a.j.e.StandardJMeterEngine: Starting 10 threads for group Thread Group - Rob Integration.
2020-07-17 17:42:44,833 INFO o.a.j.e.StandardJMeterEngine: Thread will continue on error
2020-07-17 17:42:44,833 INFO o.a.j.t.ThreadGroup: Starting thread group... number=1 threads=10 ramp-up=1 delayedStart=false
2020-07-17 17:42:44,845 INFO o.a.j.t.JMeterThread: Thread started: Thread Group - Rob Integration 1-1
2020-07-17 17:42:44,849 INFO o.a.j.t.ThreadGroup: Started thread group number 1
2020-07-17 17:42:44,849 INFO o.a.j.e.StandardJMeterEngine: All thread groups have been started
2020-07-17 17:42:44,859 INFO o.a.j.p.h.s.HTTPHCAbstractImpl: Local host = P4536
2020-07-17 17:42:44,864 INFO o.a.j.p.h.s.HTTPHC4Impl: HTTP request retry count = 0
2020-07-17 17:42:44,865 INFO o.a.j.s.SampleResult: Note: Sample TimeStamps are START times
2020-07-17 17:42:44,865 INFO o.a.j.s.SampleResult: sampleresult.default.encoding is set to ISO-8859-1
2020-07-17 17:42:44,865 INFO o.a.j.s.SampleResult: sampleresult.useNanoTime=true
2020-07-17 17:42:44,865 INFO o.a.j.s.SampleResult: sampleresult.nanoThreadSleep=5000
2020-07-17 17:42:44,936 INFO o.a.j.p.h.s.h.LazyLayeredConnectionSocketFactory: Setting up HTTPS TrustAll Socket Factory
2020-07-17 17:42:44,940 INFO o.a.j.u.JsseSSLManager: Using default SSL protocol: TLS
2020-07-17 17:42:44,941 INFO o.a.j.u.JsseSSLManager: SSL session context: per-thread
2020-07-17 17:42:44,941 INFO o.a.j.t.JMeterThread: Thread started: Thread Group - Rob Integration 1-2
2020-07-17 17:42:45,037 INFO o.a.j.t.JMeterThread: Thread started: Thread Group - Rob Integration 1-3
2020-07-17 17:42:45,062 INFO o.a.j.u.SSLManager: JmeterKeyStore Location:  type JKS
2020-07-17 17:42:45,065 INFO o.a.j.u.SSLManager: KeyStore created OK
2020-07-17 17:42:45,065 WARN o.a.j.u.SSLManager: Keystore file not found, loading empty keystore
2020-07-17 17:42:45,135 INFO o.a.j.t.JMeterThread: Thread started: Thread Group - Rob Integration 1-4
2020-07-17 17:42:45,235 INFO o.a.j.t.JMeterThread: Thread started: Thread Group - Rob Integration 1-5
2020-07-17 17:42:45,334 INFO o.a.j.t.JMeterThread: Thread started: Thread Group - Rob Integration 1-6
2020-07-17 17:42:45,434 INFO o.a.j.t.JMeterThread: Thread started: Thread Group - Rob Integration 1-7
2020-07-17 17:42:45,534 INFO o.a.j.t.JMeterThread: Thread started: Thread Group - Rob Integration 1-8
2020-07-17 17:42:45,634 INFO o.a.j.t.JMeterThread: Thread started: Thread Group - Rob Integration 1-9
2020-07-17 17:42:45,734 INFO o.a.j.t.JMeterThread: Thread started: Thread Group - Rob Integration 1-10
2020-07-17 17:42:46,302 INFO o.a.j.t.JMeterThread: Thread is done: Thread Group - Rob Integration 1-8
2020-07-17 17:42:46,302 INFO o.a.j.t.JMeterThread: Thread finished: Thread Group - Rob Integration 1-8
2020-07-17 17:42:46,309 INFO o.a.j.t.JMeterThread: Thread is done: Thread Group - Rob Integration 1-2
2020-07-17 17:42:46,309 INFO o.a.j.t.JMeterThread: Thread finished: Thread Group - Rob Integration 1-2
2020-07-17 17:42:46,317 INFO o.a.j.t.JMeterThread: Thread is done: Thread Group - Rob Integration 1-7
2020-07-17 17:42:46,317 INFO o.a.j.t.JMeterThread: Thread finished: Thread Group - Rob Integration 1-7
2020-07-17 17:42:46,340 INFO o.a.j.t.JMeterThread: Thread is done: Thread Group - Rob Integration 1-3
2020-07-17 17:42:46,340 INFO o.a.j.t.JMeterThread: Thread finished: Thread Group - Rob Integration 1-3
2020-07-17 17:42:46,343 INFO o.a.j.t.JMeterThread: Thread is done: Thread Group - Rob Integration 1-1
2020-07-17 17:42:46,343 INFO o.a.j.t.JMeterThread: Thread finished: Thread Group - Rob Integration 1-1
2020-07-17 17:42:46,345 INFO o.a.j.t.JMeterThread: Thread is done: Thread Group - Rob Integration 1-4
2020-07-17 17:42:46,345 INFO o.a.j.t.JMeterThread: Thread finished: Thread Group - Rob Integration 1-4
2020-07-17 17:42:46,357 INFO o.a.j.t.JMeterThread: Thread is done: Thread Group - Rob Integration 1-6
2020-07-17 17:42:46,357 INFO o.a.j.t.JMeterThread: Thread finished: Thread Group - Rob Integration 1-6
2020-07-17 17:42:46,359 INFO o.a.j.t.JMeterThread: Thread is done: Thread Group - Rob Integration 1-5
2020-07-17 17:42:46,359 INFO o.a.j.t.JMeterThread: Thread finished: Thread Group - Rob Integration 1-5
2020-07-17 17:42:46,368 INFO o.a.j.t.JMeterThread: Thread is done: Thread Group - Rob Integration 1-9
2020-07-17 17:42:46,368 INFO o.a.j.t.JMeterThread: Thread finished: Thread Group - Rob Integration 1-9
2020-07-17 17:42:46,474 INFO o.a.j.t.JMeterThread: Thread is done: Thread Group - Rob Integration 1-10
2020-07-17 17:42:46,474 INFO o.a.j.t.JMeterThread: Thread finished: Thread Group - Rob Integration 1-10
2020-07-17 17:42:46,474 INFO o.a.j.e.StandardJMeterEngine: Notifying test listeners of end of test
2020-07-17 17:42:46,476 INFO k.a.j.PluginsCMDWorker: Using JMeterPluginsCMD v. N/A
2020-07-17 17:42:46,484 WARN k.a.j.JMeterPluginsUtils: JMeter env exists. No one should see this normally.
2020-07-17 17:42:46,484 WARN o.a.j.e.StandardJMeterEngine: Error encountered during shutdown of kg.apc.jmeter.listener.GraphsGeneratorListener@4c432866
java.lang.RuntimeException: java.lang.ClassNotFoundException: kg.apc.jmeter.vizualizers.SynthesisReportGui
	at kg.apc.jmeter.PluginsCMDWorker.getGUIObject(PluginsCMDWorker.java:237) ~[jmeter-plugins-cmd-2.2.jar:?]
	at kg.apc.jmeter.PluginsCMDWorker.getGUIObject(PluginsCMDWorker.java:234) ~[jmeter-plugins-cmd-2.2.jar:?]
	at kg.apc.jmeter.PluginsCMDWorker.setPluginType(PluginsCMDWorker.java:73) ~[jmeter-plugins-cmd-2.2.jar:?]
	at kg.apc.jmeter.listener.GraphsGeneratorListener.testEnded(GraphsGeneratorListener.java:221) ~[jmeter-plugins-graphs-ggl-2.0.jar:?]
	at kg.apc.jmeter.listener.GraphsGeneratorListener.testEnded(GraphsGeneratorListener.java:137) ~[jmeter-plugins-graphs-ggl-2.0.jar:?]
	at org.apache.jmeter.engine.StandardJMeterEngine.notifyTestListenersOfEnd(StandardJMeterEngine.java:217) [ApacheJMeter_core.jar:5.3]
	at org.apache.jmeter.engine.StandardJMeterEngine.run(StandardJMeterEngine.java:491) [ApacheJMeter_core.jar:5.3]
	at java.lang.Thread.run(Thread.java:834) [?:?]
Caused by: java.lang.ClassNotFoundException: kg.apc.jmeter.vizualizers.SynthesisReportGui
	at java.net.URLClassLoader.findClass(URLClassLoader.java:471) ~[?:?]
	at java.lang.ClassLoader.loadClass(ClassLoader.java:588) ~[?:?]
	at java.lang.ClassLoader.loadClass(ClassLoader.java:521) ~[?:?]
	at java.lang.Class.forName0(Native Method) ~[?:?]
	at java.lang.Class.forName(Class.java:315) ~[?:?]
	at kg.apc.jmeter.PluginsCMDWorker.getGUIObject(PluginsCMDWorker.java:227) ~[jmeter-plugins-cmd-2.2.jar:?]
	... 7 more
2020-07-17 17:42:46,488 INFO o.a.j.r.Summariser: summary =     50 in 00:00:02 =   30.0/s Avg:   170 Min:    49 Max:   733 Err:     0 (0.00%)
